<?xml version="1.0" encoding="UTF-8"?>
<testng-results ignored="0" total="4" passed="3" failed="1" skipped="0">
  <reporter-output>
    <line>
      <![CDATA[Click to see Screenshot]]>
    </line>
    <line>
      <![CDATA[<a target="_blank" href=Mon_Aug_15_22_16_07_IRKT_2022.jpg>Screenshot</a>]]>
    </line>
    <line>
      <![CDATA[<br>]]>
    </line>
    <line>
      <![CDATA[<br>]]>
    </line>
    <line>
      <![CDATA[<a target="_blank" href=Mon_Aug_15_22_16_07_IRKT_2022.jpg><img src=Mon_Aug_15_22_16_07_IRKT_2022.jpg height=200 width=200></img></a>]]>
    </line>
  </reporter-output>
  <suite started-at="2022-08-15T14:15:51Z" name="Customer Access Scenarios" finished-at="2022-08-15T14:17:12Z" duration-ms="81775">
    <groups>
    </groups>
    <test started-at="2022-08-15T14:15:51Z" name="Customer Login" finished-at="2022-08-15T14:16:30Z" duration-ms="38826">
      <class name="com.parasoft.banking.testcases.VerifyCustomerLogin">
        <test-method is-config="true" signature="setUp()[pri:0, instance:com.parasoft.banking.testcases.VerifyCustomerLogin@5f4d427e]" started-at="2022-08-15T22:15:51Z" name="setUp" finished-at="2022-08-15T22:15:57Z" duration-ms="5988" status="PASS">
          <reporter-output>
          </reporter-output>
        </test-method> <!-- setUp -->
        <test-method is-config="true" signature="initConfiguration()[pri:0, instance:com.parasoft.banking.testcases.VerifyCustomerLogin@5f4d427e]" started-at="2022-08-15T22:15:57Z" name="initConfiguration" finished-at="2022-08-15T22:16:03Z" duration-ms="6760" status="PASS">
          <reporter-output>
          </reporter-output>
        </test-method> <!-- initConfiguration -->
        <test-method is-config="true" signature="initConfiguration()[pri:0, instance:com.parasoft.banking.testcases.VerifyCustomerLogin@5f4d427e]" started-at="2022-08-15T22:15:57Z" name="initConfiguration" finished-at="2022-08-15T22:16:04Z" duration-ms="7183" status="PASS">
          <reporter-output>
          </reporter-output>
        </test-method> <!-- initConfiguration -->
        <test-method is-config="true" signature="initConfiguration()[pri:0, instance:com.parasoft.banking.testcases.VerifyCustomerLogin@5f4d427e]" started-at="2022-08-15T22:15:57Z" name="initConfiguration" finished-at="2022-08-15T22:16:04Z" duration-ms="7598" status="PASS">
          <reporter-output>
          </reporter-output>
        </test-method> <!-- initConfiguration -->
        <test-method is-config="true" signature="startingTestCase(java.lang.reflect.Method)[pri:0, instance:com.parasoft.banking.testcases.VerifyCustomerLogin@5f4d427e]" started-at="2022-08-15T22:16:03Z" name="startingTestCase" finished-at="2022-08-15T22:16:03Z" duration-ms="4" status="PASS">
          <params>
            <param index="0">
              <value>
                <![CDATA[public void com.parasoft.banking.testcases.VerifyCustomerLogin.TC_002_VerifyIncorrectCredentials()]]>
              </value>
            </param>
          </params>
          <reporter-output>
          </reporter-output>
        </test-method> <!-- startingTestCase -->
        <test-method signature="TC_002_VerifyIncorrectCredentials()[pri:0, instance:com.parasoft.banking.testcases.VerifyCustomerLogin@5f4d427e]" started-at="2022-08-15T22:16:03Z" name="TC_002_VerifyIncorrectCredentials" finished-at="2022-08-15T22:16:06Z" duration-ms="2264" status="FAIL">
          <exception class="java.lang.AssertionError">
            <message>
              <![CDATA[expected [The username and password could not be verified.] but found [An internal error has occurred and has been logged.]]]>
            </message>
            <full-stacktrace>
              <![CDATA[java.lang.AssertionError: expected [The username and password could not be verified.] but found [An internal error has occurred and has been logged.]
	at org.testng.Assert.fail(Assert.java:93)
	at org.testng.Assert.failNotEquals(Assert.java:512)
	at org.testng.Assert.assertEqualsImpl(Assert.java:134)
	at org.testng.Assert.assertEquals(Assert.java:115)
	at org.testng.Assert.assertEquals(Assert.java:178)
	at com.parasoft.banking.errorcollectors.ErrorCollector.assertEquals(ErrorCollector.java:38)
	at com.parasoft.banking.errorcollectors.ErrorCollector.verifyEquals(ErrorCollector.java:91)
	at com.parasoft.banking.testcases.VerifyCustomerLogin.TC_002_VerifyIncorrectCredentials(VerifyCustomerLogin.java:66)
	at java.base/jdk.internal.reflect.NativeMethodAccessorImpl.invoke0(Native Method)
	at java.base/jdk.internal.reflect.NativeMethodAccessorImpl.invoke(NativeMethodAccessorImpl.java:77)
	at java.base/jdk.internal.reflect.DelegatingMethodAccessorImpl.invoke(DelegatingMethodAccessorImpl.java:43)
	at java.base/java.lang.reflect.Method.invoke(Method.java:568)
	at org.testng.internal.MethodInvocationHelper.invokeMethod(MethodInvocationHelper.java:108)
	at org.testng.internal.Invoker.invokeMethod(Invoker.java:661)
	at org.testng.internal.Invoker.invokeTestMethod(Invoker.java:869)
	at org.testng.internal.Invoker.invokeTestMethods(Invoker.java:1193)
	at org.testng.internal.TestMethodWorker.invokeTestMethods(TestMethodWorker.java:126)
	at org.testng.internal.TestMethodWorker.run(TestMethodWorker.java:109)
	at java.base/java.util.concurrent.ThreadPoolExecutor.runWorker(ThreadPoolExecutor.java:1136)
	at java.base/java.util.concurrent.ThreadPoolExecutor$Worker.run(ThreadPoolExecutor.java:635)
	at java.base/java.lang.Thread.run(Thread.java:833)
]]>
            </full-stacktrace>
          </exception> <!-- java.lang.AssertionError -->
          <reporter-output>
            <line>
              <![CDATA[Click to see Screenshot]]>
            </line>
            <line>
              <![CDATA[<a target="_blank" href=Mon_Aug_15_22_16_07_IRKT_2022.jpg>Screenshot</a>]]>
            </line>
            <line>
              <![CDATA[<br>]]>
            </line>
            <line>
              <![CDATA[<br>]]>
            </line>
            <line>
              <![CDATA[<a target="_blank" href=Mon_Aug_15_22_16_07_IRKT_2022.jpg><img src=Mon_Aug_15_22_16_07_IRKT_2022.jpg height=200 width=200></img></a>]]>
            </line>
          </reporter-output>
        </test-method> <!-- TC_002_VerifyIncorrectCredentials -->
        <test-method is-config="true" signature="startingTestCase(java.lang.reflect.Method)[pri:0, instance:com.parasoft.banking.testcases.VerifyCustomerLogin@5f4d427e]" started-at="2022-08-15T22:16:04Z" name="startingTestCase" finished-at="2022-08-15T22:16:04Z" duration-ms="2" status="PASS">
          <params>
            <param index="0">
              <value>
                <![CDATA[public void com.parasoft.banking.testcases.VerifyCustomerLogin.TC_001_VerifyEmptyCredentialFields()]]>
              </value>
            </param>
          </params>
          <reporter-output>
          </reporter-output>
        </test-method> <!-- startingTestCase -->
        <test-method signature="TC_001_VerifyEmptyCredentialFields()[pri:0, instance:com.parasoft.banking.testcases.VerifyCustomerLogin@5f4d427e]" started-at="2022-08-15T22:16:04Z" name="TC_001_VerifyEmptyCredentialFields" finished-at="2022-08-15T22:16:06Z" duration-ms="2264" status="PASS">
          <reporter-output>
          </reporter-output>
        </test-method> <!-- TC_001_VerifyEmptyCredentialFields -->
        <test-method is-config="true" signature="startingTestCase(java.lang.reflect.Method)[pri:0, instance:com.parasoft.banking.testcases.VerifyCustomerLogin@5f4d427e]" started-at="2022-08-15T22:16:04Z" name="startingTestCase" finished-at="2022-08-15T22:16:04Z" duration-ms="3" status="PASS">
          <params>
            <param index="0">
              <value>
                <![CDATA[public void com.parasoft.banking.testcases.VerifyCustomerLogin.TC_003_VerifyLoginSuccessful()]]>
              </value>
            </param>
          </params>
          <reporter-output>
          </reporter-output>
        </test-method> <!-- startingTestCase -->
        <test-method signature="TC_003_VerifyLoginSuccessful()[pri:0, instance:com.parasoft.banking.testcases.VerifyCustomerLogin@5f4d427e]" started-at="2022-08-15T22:16:04Z" name="TC_003_VerifyLoginSuccessful" finished-at="2022-08-15T22:16:29Z" duration-ms="24855" status="PASS">
          <reporter-output>
          </reporter-output>
        </test-method> <!-- TC_003_VerifyLoginSuccessful -->
        <test-method is-config="true" signature="endingTestCase(java.lang.reflect.Method)[pri:0, instance:com.parasoft.banking.testcases.VerifyCustomerLogin@5f4d427e]" started-at="2022-08-15T22:16:07Z" name="endingTestCase" finished-at="2022-08-15T22:16:07Z" duration-ms="2" status="PASS">
          <params>
            <param index="0">
              <value>
                <![CDATA[public void com.parasoft.banking.testcases.VerifyCustomerLogin.TC_001_VerifyEmptyCredentialFields()]]>
              </value>
            </param>
          </params>
          <reporter-output>
          </reporter-output>
        </test-method> <!-- endingTestCase -->
        <test-method is-config="true" signature="endingTestCase(java.lang.reflect.Method)[pri:0, instance:com.parasoft.banking.testcases.VerifyCustomerLogin@5f4d427e]" started-at="2022-08-15T22:16:08Z" name="endingTestCase" finished-at="2022-08-15T22:16:08Z" duration-ms="2" status="PASS">
          <params>
            <param index="0">
              <value>
                <![CDATA[public void com.parasoft.banking.testcases.VerifyCustomerLogin.TC_002_VerifyIncorrectCredentials()]]>
              </value>
            </param>
          </params>
          <reporter-output>
          </reporter-output>
        </test-method> <!-- endingTestCase -->
        <test-method is-config="true" signature="endingTestCase(java.lang.reflect.Method)[pri:0, instance:com.parasoft.banking.testcases.VerifyCustomerLogin@5f4d427e]" started-at="2022-08-15T22:16:29Z" name="endingTestCase" finished-at="2022-08-15T22:16:29Z" duration-ms="8" status="PASS">
          <params>
            <param index="0">
              <value>
                <![CDATA[public void com.parasoft.banking.testcases.VerifyCustomerLogin.TC_003_VerifyLoginSuccessful()]]>
              </value>
            </param>
          </params>
          <reporter-output>
          </reporter-output>
        </test-method> <!-- endingTestCase -->
        <test-method is-config="true" signature="tearDown()[pri:0, instance:com.parasoft.banking.testcases.VerifyCustomerLogin@5f4d427e]" started-at="2022-08-15T22:16:29Z" name="tearDown" finished-at="2022-08-15T22:16:29Z" duration-ms="216" status="FAIL">
          <exception class="org.openqa.selenium.remote.UnreachableBrowserException">
            <message>
              <![CDATA[Error communicating with the remote browser. It may have died.
Build info: version: '2.53.1', revision: 'a36b8b1cd5757287168e54b817830adce9b0158d', time: '2016-06-30 19:26:09'
System info: host: 'KEVINP0D37', ip: '10.211.55.4', os.name: 'Windows 11', os.arch: 'amd64', os.version: '10.0', java.version: '17.0.2'
Driver info: driver.version: RemoteWebDriver
Capabilities [{mobileEmulationEnabled=false, timeouts={implicit=0, pageLoad=300000, script=30000}, hasTouchScreen=false, platform=XP, acceptSslCerts=false, goog:chromeOptions={debuggerAddress=localhost:55138}, webauthn:extension:credBlob=true, acceptInsecureCerts=false, webStorageEnabled=true, browserName=chrome, takesScreenshot=true, javascriptEnabled=true, setWindowRect=true, webauthn:extension:largeBlob=true, unexpectedAlertBehaviour=ignore, rotatable=false, networkConnectionEnabled=false, chrome={chromedriverVersion=104.0.5112.79 (3cf3e8c8a07d104b9e1260c910efb8f383285dc5-refs/branch-heads/5112@{#1307}), userDataDir=C:\Users\kevinp\AppData\Local\Temp\scoped_dir14552_1180026492}, takesHeapSnapshot=true, pageLoadStrategy=normal, strictFileInteractability=false, databaseEnabled=false, handlesAlerts=true, version=104.0.5112.81, browserConnectionEnabled=false, proxy={}, nativeEvents=true, locationContextEnabled=true, cssSelectorsEnabled=true, webauthn:virtualAuthenticators=true}]
Session ID: 0a39ea1ccd8446bfdadd972d594ed233]]>
            </message>
            <full-stacktrace>
              <![CDATA[org.openqa.selenium.remote.UnreachableBrowserException: Error communicating with the remote browser. It may have died.
Build info: version: '2.53.1', revision: 'a36b8b1cd5757287168e54b817830adce9b0158d', time: '2016-06-30 19:26:09'
System info: host: 'KEVINP0D37', ip: '10.211.55.4', os.name: 'Windows 11', os.arch: 'amd64', os.version: '10.0', java.version: '17.0.2'
Driver info: driver.version: RemoteWebDriver
Capabilities [{mobileEmulationEnabled=false, timeouts={implicit=0, pageLoad=300000, script=30000}, hasTouchScreen=false, platform=XP, acceptSslCerts=false, goog:chromeOptions={debuggerAddress=localhost:55138}, webauthn:extension:credBlob=true, acceptInsecureCerts=false, webStorageEnabled=true, browserName=chrome, takesScreenshot=true, javascriptEnabled=true, setWindowRect=true, webauthn:extension:largeBlob=true, unexpectedAlertBehaviour=ignore, rotatable=false, networkConnectionEnabled=false, chrome={chromedriverVersion=104.0.5112.79 (3cf3e8c8a07d104b9e1260c910efb8f383285dc5-refs/branch-heads/5112@{#1307}), userDataDir=C:\Users\kevinp\AppData\Local\Temp\scoped_dir14552_1180026492}, takesHeapSnapshot=true, pageLoadStrategy=normal, strictFileInteractability=false, databaseEnabled=false, handlesAlerts=true, version=104.0.5112.81, browserConnectionEnabled=false, proxy={}, nativeEvents=true, locationContextEnabled=true, cssSelectorsEnabled=true, webauthn:virtualAuthenticators=true}]
Session ID: 0a39ea1ccd8446bfdadd972d594ed233
	at org.openqa.selenium.remote.RemoteWebDriver.execute(RemoteWebDriver.java:665)
	at org.openqa.selenium.remote.RemoteWebDriver.execute(RemoteWebDriver.java:701)
	at org.openqa.selenium.remote.RemoteWebDriver.quit(RemoteWebDriver.java:526)
	at com.parasoft.banking.base.BasePage.quitBrowser(BasePage.java:155)
	at com.parasoft.banking.testcases.VerifyCustomerLogin.tearDown(VerifyCustomerLogin.java:47)
	at java.base/jdk.internal.reflect.NativeMethodAccessorImpl.invoke0(Native Method)
	at java.base/jdk.internal.reflect.NativeMethodAccessorImpl.invoke(NativeMethodAccessorImpl.java:77)
	at java.base/jdk.internal.reflect.DelegatingMethodAccessorImpl.invoke(DelegatingMethodAccessorImpl.java:43)
	at java.base/java.lang.reflect.Method.invoke(Method.java:568)
	at org.testng.internal.MethodInvocationHelper.invokeMethod(MethodInvocationHelper.java:108)
	at org.testng.internal.Invoker.invokeConfigurationMethod(Invoker.java:523)
	at org.testng.internal.Invoker.invokeConfigurations(Invoker.java:224)
	at org.testng.internal.Invoker.invokeConfigurations(Invoker.java:146)
	at org.testng.TestRunner.afterRun(TestRunner.java:958)
	at org.testng.TestRunner.run(TestRunner.java:606)
	at org.testng.SuiteRunner.runTest(SuiteRunner.java:380)
	at org.testng.SuiteRunner.runSequentially(SuiteRunner.java:375)
	at org.testng.SuiteRunner.privateRun(SuiteRunner.java:340)
	at org.testng.SuiteRunner.run(SuiteRunner.java:289)
	at org.testng.SuiteRunnerWorker.runSuite(SuiteRunnerWorker.java:52)
	at org.testng.SuiteRunnerWorker.run(SuiteRunnerWorker.java:86)
	at org.testng.TestNG.runSuitesSequentially(TestNG.java:1301)
	at org.testng.TestNG.runSuitesLocally(TestNG.java:1226)
	at org.testng.TestNG.runSuites(TestNG.java:1144)
	at org.testng.TestNG.run(TestNG.java:1115)
	at org.testng.remote.AbstractRemoteTestNG.run(AbstractRemoteTestNG.java:115)
	at org.testng.remote.RemoteTestNG.initAndRun(RemoteTestNG.java:251)
	at org.testng.remote.RemoteTestNG.main(RemoteTestNG.java:77)
Caused by: java.lang.RuntimeException: Process refused to die after 10 seconds, and couldn't taskkill it: Unable to make field private final long java.lang.ProcessImpl.handle accessible: module java.base does not "opens java.lang" to unnamed module @3cbbc1e0
	at org.openqa.selenium.os.ProcessUtils.killWinProcess(ProcessUtils.java:143)
	at org.openqa.selenium.os.ProcessUtils.killProcess(ProcessUtils.java:81)
	at org.openqa.selenium.os.UnixProcess$SeleniumWatchDog.destroyHarder(UnixProcess.java:247)
	at org.openqa.selenium.os.UnixProcess$SeleniumWatchDog.access$200(UnixProcess.java:201)
	at org.openqa.selenium.os.UnixProcess.destroy(UnixProcess.java:125)
	at org.openqa.selenium.os.CommandLine.destroy(CommandLine.java:155)
	at org.openqa.selenium.remote.service.DriverService.stop(DriverService.java:196)
	at org.openqa.selenium.remote.service.DriverCommandExecutor.execute(DriverCommandExecutor.java:94)
	at org.openqa.selenium.remote.RemoteWebDriver.execute(RemoteWebDriver.java:644)
	... 27 more
Caused by: java.lang.reflect.InaccessibleObjectException: Unable to make field private final long java.lang.ProcessImpl.handle accessible: module java.base does not "opens java.lang" to unnamed module @3cbbc1e0
	at java.base/java.lang.reflect.AccessibleObject.checkCanSetAccessible(AccessibleObject.java:354)
	at java.base/java.lang.reflect.AccessibleObject.checkCanSetAccessible(AccessibleObject.java:297)
	at java.base/java.lang.reflect.Field.checkCanSetAccessible(Field.java:178)
	at java.base/java.lang.reflect.Field.setAccessible(Field.java:172)
	at org.openqa.selenium.os.ProcessUtils.killWinProcess(ProcessUtils.java:130)
	... 35 more
]]>
            </full-stacktrace>
          </exception> <!-- org.openqa.selenium.remote.UnreachableBrowserException -->
          <reporter-output>
          </reporter-output>
        </test-method> <!-- tearDown -->
      </class> <!-- com.parasoft.banking.testcases.VerifyCustomerLogin -->
    </test> <!-- Customer Login -->
    <test started-at="2022-08-15T14:16:30Z" name="Customer Registration" finished-at="2022-08-15T14:17:12Z" duration-ms="42909">
      <class name="com.parasoft.banking.testcases.VerifyCustomerRegistration">
        <test-method is-config="true" signature="setUp()[pri:0, instance:com.parasoft.banking.testcases.VerifyCustomerRegistration@29cfd92b]" started-at="2022-08-15T22:16:30Z" name="setUp" finished-at="2022-08-15T22:16:34Z" duration-ms="4642" status="PASS">
          <reporter-output>
          </reporter-output>
        </test-method> <!-- setUp -->
        <test-method is-config="true" signature="initConfiguration()[pri:0, instance:com.parasoft.banking.testcases.VerifyCustomerRegistration@29cfd92b]" started-at="2022-08-15T22:16:34Z" name="initConfiguration" finished-at="2022-08-15T22:16:41Z" duration-ms="6376" status="PASS">
          <reporter-output>
          </reporter-output>
        </test-method> <!-- initConfiguration -->
        <test-method is-config="true" signature="startingTestCase(java.lang.reflect.Method)[pri:0, instance:com.parasoft.banking.testcases.VerifyCustomerRegistration@29cfd92b]" started-at="2022-08-15T22:16:41Z" name="startingTestCase" finished-at="2022-08-15T22:16:41Z" duration-ms="5" status="PASS">
          <params>
            <param index="0">
              <value>
                <![CDATA[public void com.parasoft.banking.testcases.VerifyCustomerRegistration.TC_004_RegisterCustomerSuccessfully()]]>
              </value>
            </param>
          </params>
          <reporter-output>
          </reporter-output>
        </test-method> <!-- startingTestCase -->
        <test-method signature="TC_004_RegisterCustomerSuccessfully()[pri:0, instance:com.parasoft.banking.testcases.VerifyCustomerRegistration@29cfd92b]" started-at="2022-08-15T22:16:41Z" name="TC_004_RegisterCustomerSuccessfully" finished-at="2022-08-15T22:17:12Z" duration-ms="31628" status="PASS">
          <reporter-output>
          </reporter-output>
        </test-method> <!-- TC_004_RegisterCustomerSuccessfully -->
        <test-method is-config="true" signature="endingTestCase(java.lang.reflect.Method)[pri:0, instance:com.parasoft.banking.testcases.VerifyCustomerRegistration@29cfd92b]" started-at="2022-08-15T22:17:12Z" name="endingTestCase" finished-at="2022-08-15T22:17:12Z" duration-ms="0" status="PASS">
          <params>
            <param index="0">
              <value>
                <![CDATA[public void com.parasoft.banking.testcases.VerifyCustomerRegistration.TC_004_RegisterCustomerSuccessfully()]]>
              </value>
            </param>
          </params>
          <reporter-output>
          </reporter-output>
        </test-method> <!-- endingTestCase -->
        <test-method is-config="true" signature="tearDown()[pri:0, instance:com.parasoft.banking.testcases.VerifyCustomerRegistration@29cfd92b]" started-at="2022-08-15T22:17:12Z" name="tearDown" finished-at="2022-08-15T22:17:12Z" duration-ms="128" status="FAIL">
          <exception class="org.openqa.selenium.remote.UnreachableBrowserException">
            <message>
              <![CDATA[Error communicating with the remote browser. It may have died.
Build info: version: '2.53.1', revision: 'a36b8b1cd5757287168e54b817830adce9b0158d', time: '2016-06-30 19:26:09'
System info: host: 'KEVINP0D37', ip: '10.211.55.4', os.name: 'Windows 11', os.arch: 'amd64', os.version: '10.0', java.version: '17.0.2'
Driver info: driver.version: RemoteWebDriver
Capabilities [{mobileEmulationEnabled=false, timeouts={implicit=0, pageLoad=300000, script=30000}, hasTouchScreen=false, platform=XP, acceptSslCerts=false, goog:chromeOptions={debuggerAddress=localhost:55236}, webauthn:extension:credBlob=true, acceptInsecureCerts=false, webStorageEnabled=true, browserName=chrome, takesScreenshot=true, javascriptEnabled=true, setWindowRect=true, webauthn:extension:largeBlob=true, unexpectedAlertBehaviour=ignore, rotatable=false, networkConnectionEnabled=false, chrome={chromedriverVersion=104.0.5112.79 (3cf3e8c8a07d104b9e1260c910efb8f383285dc5-refs/branch-heads/5112@{#1307}), userDataDir=C:\Users\kevinp\AppData\Local\Temp\scoped_dir15208_986539758}, takesHeapSnapshot=true, pageLoadStrategy=normal, strictFileInteractability=false, databaseEnabled=false, handlesAlerts=true, version=104.0.5112.81, browserConnectionEnabled=false, proxy={}, nativeEvents=true, locationContextEnabled=true, cssSelectorsEnabled=true, webauthn:virtualAuthenticators=true}]
Session ID: 88063a391ad5d06ba015b02991e3cc28]]>
            </message>
            <full-stacktrace>
              <![CDATA[org.openqa.selenium.remote.UnreachableBrowserException: Error communicating with the remote browser. It may have died.
Build info: version: '2.53.1', revision: 'a36b8b1cd5757287168e54b817830adce9b0158d', time: '2016-06-30 19:26:09'
System info: host: 'KEVINP0D37', ip: '10.211.55.4', os.name: 'Windows 11', os.arch: 'amd64', os.version: '10.0', java.version: '17.0.2'
Driver info: driver.version: RemoteWebDriver
Capabilities [{mobileEmulationEnabled=false, timeouts={implicit=0, pageLoad=300000, script=30000}, hasTouchScreen=false, platform=XP, acceptSslCerts=false, goog:chromeOptions={debuggerAddress=localhost:55236}, webauthn:extension:credBlob=true, acceptInsecureCerts=false, webStorageEnabled=true, browserName=chrome, takesScreenshot=true, javascriptEnabled=true, setWindowRect=true, webauthn:extension:largeBlob=true, unexpectedAlertBehaviour=ignore, rotatable=false, networkConnectionEnabled=false, chrome={chromedriverVersion=104.0.5112.79 (3cf3e8c8a07d104b9e1260c910efb8f383285dc5-refs/branch-heads/5112@{#1307}), userDataDir=C:\Users\kevinp\AppData\Local\Temp\scoped_dir15208_986539758}, takesHeapSnapshot=true, pageLoadStrategy=normal, strictFileInteractability=false, databaseEnabled=false, handlesAlerts=true, version=104.0.5112.81, browserConnectionEnabled=false, proxy={}, nativeEvents=true, locationContextEnabled=true, cssSelectorsEnabled=true, webauthn:virtualAuthenticators=true}]
Session ID: 88063a391ad5d06ba015b02991e3cc28
	at org.openqa.selenium.remote.RemoteWebDriver.execute(RemoteWebDriver.java:665)
	at org.openqa.selenium.remote.RemoteWebDriver.execute(RemoteWebDriver.java:701)
	at org.openqa.selenium.remote.RemoteWebDriver.quit(RemoteWebDriver.java:526)
	at com.parasoft.banking.base.BasePage.quitBrowser(BasePage.java:155)
	at com.parasoft.banking.testcases.VerifyCustomerRegistration.tearDown(VerifyCustomerRegistration.java:46)
	at java.base/jdk.internal.reflect.NativeMethodAccessorImpl.invoke0(Native Method)
	at java.base/jdk.internal.reflect.NativeMethodAccessorImpl.invoke(NativeMethodAccessorImpl.java:77)
	at java.base/jdk.internal.reflect.DelegatingMethodAccessorImpl.invoke(DelegatingMethodAccessorImpl.java:43)
	at java.base/java.lang.reflect.Method.invoke(Method.java:568)
	at org.testng.internal.MethodInvocationHelper.invokeMethod(MethodInvocationHelper.java:108)
	at org.testng.internal.Invoker.invokeConfigurationMethod(Invoker.java:523)
	at org.testng.internal.Invoker.invokeConfigurations(Invoker.java:224)
	at org.testng.internal.Invoker.invokeConfigurations(Invoker.java:146)
	at org.testng.TestRunner.afterRun(TestRunner.java:958)
	at org.testng.TestRunner.run(TestRunner.java:606)
	at org.testng.SuiteRunner.runTest(SuiteRunner.java:380)
	at org.testng.SuiteRunner.runSequentially(SuiteRunner.java:375)
	at org.testng.SuiteRunner.privateRun(SuiteRunner.java:340)
	at org.testng.SuiteRunner.run(SuiteRunner.java:289)
	at org.testng.SuiteRunnerWorker.runSuite(SuiteRunnerWorker.java:52)
	at org.testng.SuiteRunnerWorker.run(SuiteRunnerWorker.java:86)
	at org.testng.TestNG.runSuitesSequentially(TestNG.java:1301)
	at org.testng.TestNG.runSuitesLocally(TestNG.java:1226)
	at org.testng.TestNG.runSuites(TestNG.java:1144)
	at org.testng.TestNG.run(TestNG.java:1115)
	at org.testng.remote.AbstractRemoteTestNG.run(AbstractRemoteTestNG.java:115)
	at org.testng.remote.RemoteTestNG.initAndRun(RemoteTestNG.java:251)
	at org.testng.remote.RemoteTestNG.main(RemoteTestNG.java:77)
Caused by: java.lang.RuntimeException: Process refused to die after 10 seconds, and couldn't taskkill it: Unable to make field private final long java.lang.ProcessImpl.handle accessible: module java.base does not "opens java.lang" to unnamed module @3cbbc1e0
	at org.openqa.selenium.os.ProcessUtils.killWinProcess(ProcessUtils.java:143)
	at org.openqa.selenium.os.ProcessUtils.killProcess(ProcessUtils.java:81)
	at org.openqa.selenium.os.UnixProcess$SeleniumWatchDog.destroyHarder(UnixProcess.java:247)
	at org.openqa.selenium.os.UnixProcess$SeleniumWatchDog.access$200(UnixProcess.java:201)
	at org.openqa.selenium.os.UnixProcess.destroy(UnixProcess.java:125)
	at org.openqa.selenium.os.CommandLine.destroy(CommandLine.java:155)
	at org.openqa.selenium.remote.service.DriverService.stop(DriverService.java:196)
	at org.openqa.selenium.remote.service.DriverCommandExecutor.execute(DriverCommandExecutor.java:94)
	at org.openqa.selenium.remote.RemoteWebDriver.execute(RemoteWebDriver.java:644)
	... 27 more
Caused by: java.lang.reflect.InaccessibleObjectException: Unable to make field private final long java.lang.ProcessImpl.handle accessible: module java.base does not "opens java.lang" to unnamed module @3cbbc1e0
	at java.base/java.lang.reflect.AccessibleObject.checkCanSetAccessible(AccessibleObject.java:354)
	at java.base/java.lang.reflect.AccessibleObject.checkCanSetAccessible(AccessibleObject.java:297)
	at java.base/java.lang.reflect.Field.checkCanSetAccessible(Field.java:178)
	at java.base/java.lang.reflect.Field.setAccessible(Field.java:172)
	at org.openqa.selenium.os.ProcessUtils.killWinProcess(ProcessUtils.java:130)
	... 35 more
]]>
            </full-stacktrace>
          </exception> <!-- org.openqa.selenium.remote.UnreachableBrowserException -->
          <reporter-output>
          </reporter-output>
        </test-method> <!-- tearDown -->
      </class> <!-- com.parasoft.banking.testcases.VerifyCustomerRegistration -->
    </test> <!-- Customer Registration -->
  </suite> <!-- Customer Access Scenarios -->
</testng-results>
